# JRE version: OpenJDK Runtime Environment Microsoft-8035250 (11.0.20+8) (build 11.0.20+8-LTS)
# Java VM: OpenJDK 64-Bit Server VM Microsoft-8035250 (11.0.20+8-LTS, mixed mode, tiered, compressed oops, g1 gc, windows-amd64)
Heap:
 garbage-first heap   total 224256K, used 167193K [0x0000000080000000, 0x0000000100000000)
  region size 1024K, 60 young (61440K), 4 survivors (4096K)
 Metaspace       used 128985K, capacity 131640K, committed 131792K, reserved 632832K
  class space    used 15899K, capacity 16956K, committed 17024K, reserved 516096K
GC Heap History (20 events):
Event: 13.401 GC heap before
{Heap before GC invocations=23 (full 0):
 garbage-first heap   total 186368K, used 119640K [0x0000000080000000, 0x0000000100000000)
  region size 1024K, 40 young (40960K), 3 survivors (3072K)
 Metaspace       used 110428K, capacity 112421K, committed 112720K, reserved 614400K
  class space    used 13676K, capacity 14510K, committed 14592K, reserved 516096K
}
Event: 13.405 GC heap after
{Heap after GC invocations=24 (full 0):
 garbage-first heap   total 186368K, used 84638K [0x0000000080000000, 0x0000000100000000)
  region size 1024K, 5 young (5120K), 5 survivors (5120K)
 Metaspace       used 110428K, capacity 112421K, committed 112720K, reserved 614400K
  class space    used 13676K, capacity 14510K, committed 14592K, reserved 516096K
}
Event: 14.166 GC heap before
{Heap before GC invocations=25 (full 0):
 garbage-first heap   total 186368K, used 154270K [0x0000000080000000, 0x0000000100000000)
  region size 1024K, 69 young (70656K), 5 survivors (5120K)
 Metaspace       used 116975K, capacity 119150K, committed 119376K, reserved 620544K
  class space    used 14601K, capacity 15498K, committed 15616K, reserved 516096K
}
Event: 14.170 GC heap after
{Heap after GC invocations=26 (full 0):
 garbage-first heap   total 186368K, used 92570K [0x0000000080000000, 0x0000000100000000)
  region size 1024K, 8 young (8192K), 8 survivors (8192K)
 Metaspace       used 116975K, capacity 119150K, committed 119376K, reserved 620544K
  class space    used 14601K, capacity 15498K, committed 15616K, reserved 516096K
}
Event: 14.181 GC heap before
{Heap before GC invocations=26 (full 0):
 garbage-first heap   total 186368K, used 93594K [0x0000000080000000, 0x0000000100000000)
  region size 1024K, 9 young (9216K), 8 survivors (8192K)
 Metaspace       used 117081K, capacity 119289K, committed 119376K, reserved 620544K
  class space    used 14622K, capacity 15546K, committed 15616K, reserved 516096K
}
Event: 14.185 GC heap after
{Heap after GC invocations=27 (full 0):
 garbage-first heap   total 186368K, used 89229K [0x0000000080000000, 0x0000000100000000)
  region size 1024K, 2 young (2048K), 2 survivors (2048K)
 Metaspace       used 117081K, capacity 119289K, committed 119376K, reserved 620544K
  class space    used 14622K, capacity 15546K, committed 15616K, reserved 516096K
}
Event: 14.566 GC heap before
{Heap before GC invocations=27 (full 0):
 garbage-first heap   total 186368K, used 150669K [0x0000000080000000, 0x0000000100000000)
  region size 1024K, 63 young (64512K), 2 survivors (2048K)
 Metaspace       used 118636K, capacity 120847K, committed 121040K, reserved 622592K
  class space    used 14797K, capacity 15734K, committed 15744K, reserved 516096K
}
Event: 14.584 GC heap after
{Heap after GC invocations=28 (full 0):
 garbage-first heap   total 186368K, used 100877K [0x0000000080000000, 0x0000000100000000)
  region size 1024K, 8 young (8192K), 8 survivors (8192K)
 Metaspace       used 118636K, capacity 120847K, committed 121040K, reserved 622592K
  class space    used 14797K, capacity 15734K, committed 15744K, reserved 516096K
}
Event: 14.741 GC heap before
{Heap before GC invocations=29 (full 0):
 garbage-first heap   total 186368K, used 150029K [0x0000000080000000, 0x0000000100000000)
  region size 1024K, 55 young (56320K), 8 survivors (8192K)
 Metaspace       used 118835K, capacity 121032K, committed 121296K, reserved 622592K
  class space    used 14795K, capacity 15731K, committed 15744K, reserved 516096K
}
Event: 14.747 GC heap after
{Heap after GC invocations=30 (full 0):
 garbage-first heap   total 186368K, used 106961K [0x0000000080000000, 0x0000000100000000)
  region size 1024K, 6 young (6144K), 6 survivors (6144K)
 Metaspace       used 118835K, capacity 121032K, committed 121296K, reserved 622592K
  class space    used 14795K, capacity 15731K, committed 15744K, reserved 516096K
}
Event: 14.762 GC heap before
{Heap before GC invocations=30 (full 0):
 garbage-first heap   total 186368K, used 110033K [0x0000000080000000, 0x0000000100000000)
  region size 1024K, 9 young (9216K), 6 survivors (6144K)
 Metaspace       used 118878K, capacity 121108K, committed 121296K, reserved 622592K
  class space    used 14799K, capacity 15733K, committed 15744K, reserved 516096K
}
Event: 14.765 GC heap after
{Heap after GC invocations=31 (full 0):
 garbage-first heap   total 186368K, used 106699K [0x0000000080000000, 0x0000000100000000)
  region size 1024K, 2 young (2048K), 2 survivors (2048K)
 Metaspace       used 118878K, capacity 121108K, committed 121296K, reserved 622592K
  class space    used 14799K, capacity 15733K, committed 15744K, reserved 516096K
}
Event: 15.085 GC heap before
{Heap before GC invocations=31 (full 0):
 garbage-first heap   total 186368K, used 150731K [0x0000000080000000, 0x0000000100000000)
  region size 1024K, 45 young (46080K), 2 survivors (2048K)
 Metaspace       used 119647K, capacity 121867K, committed 122192K, reserved 622592K
  class space    used 14845K, capacity 15770K, committed 15872K, reserved 516096K
}
Event: 15.090 GC heap after
{Heap after GC invocations=32 (full 0):
 garbage-first heap   total 186368K, used 110592K [0x0000000080000000, 0x0000000100000000)
  region size 1024K, 5 young (5120K), 5 survivors (5120K)
 Metaspace       used 119647K, capacity 121867K, committed 122192K, reserved 622592K
  class space    used 14845K, capacity 15770K, committed 15872K, reserved 516096K
}
Event: 15.554 GC heap before
{Heap before GC invocations=33 (full 0):
 garbage-first heap   total 186368K, used 152576K [0x0000000080000000, 0x0000000100000000)
  region size 1024K, 46 young (47104K), 5 survivors (5120K)
 Metaspace       used 121263K, capacity 123514K, committed 123728K, reserved 624640K
  class space    used 14943K, capacity 15871K, committed 15872K, reserved 516096K
}
Event: 15.559 GC heap after
{Heap after GC invocations=34 (full 0):
 garbage-first heap   total 186368K, used 116635K [0x0000000080000000, 0x0000000100000000)
  region size 1024K, 6 young (6144K), 6 survivors (6144K)
 Metaspace       used 121263K, capacity 123514K, committed 123728K, reserved 624640K
  class space    used 14943K, capacity 15871K, committed 15872K, reserved 516096K
}
Event: 15.603 GC heap before
{Heap before GC invocations=34 (full 0):
 garbage-first heap   total 186368K, used 119707K [0x0000000080000000, 0x0000000100000000)
  region size 1024K, 9 young (9216K), 6 survivors (6144K)
 Metaspace       used 121457K, capacity 123738K, committed 123856K, reserved 624640K
  class space    used 14954K, capacity 15903K, committed 16000K, reserved 516096K
}
Event: 15.608 GC heap after
{Heap after GC invocations=35 (full 0):
 garbage-first heap   total 224256K, used 115611K [0x0000000080000000, 0x0000000100000000)
  region size 1024K, 2 young (2048K), 2 survivors (2048K)
 Metaspace       used 121457K, capacity 123738K, committed 123856K, reserved 624640K
  class space    used 14954K, capacity 15903K, committed 16000K, reserved 516096K
}
Event: 16.177 GC heap before
{Heap before GC invocations=35 (full 0):
 garbage-first heap   total 224256K, used 168859K [0x0000000080000000, 0x0000000100000000)
  region size 1024K, 55 young (56320K), 2 survivors (2048K)
 Metaspace       used 125485K, capacity 127966K, committed 128208K, reserved 628736K
  class space    used 15416K, capacity 16433K, committed 16512K, reserved 516096K
}
Event: 16.181 GC heap after
{Heap after GC invocations=36 (full 0):
 garbage-first heap   total 224256K, used 111897K [0x0000000080000000, 0x0000000100000000)
  region size 1024K, 4 young (4096K), 4 survivors (4096K)
 Metaspace       used 125485K, capacity 127966K, committed 128208K, reserved 628736K
  class space    used 15416K, capacity 16433K, committed 16512K, reserved 516096K
}

